{"numTotalTestSuites":2,"numPassedTestSuites":2,"numFailedTestSuites":0,"numPendingTestSuites":0,"numTotalTests":9,"numPassedTests":9,"numFailedTests":0,"numPendingTests":0,"numTodoTests":0,"snapshot":{"added":0,"failure":false,"filesAdded":0,"filesRemoved":0,"filesRemovedList":[],"filesUnmatched":0,"filesUpdated":0,"matched":0,"total":0,"unchecked":0,"uncheckedKeysByFile":[],"unmatched":0,"updated":0,"didUpdate":false},"startTime":1789759446450,"success":true,"testResults":[{"assertionResults":[{"ancestorTitles":["Phase 2.1 — S1–S10 Historical Signal Forensic Replay Test Suite (Calendar Corrected)"],"fullName":"Phase 2.1 — S1–S10 Historical Signal Forensic Replay Test Suite (Calendar Corrected) 1. Pre-flight check validates Git SHA, Dataset Hash, and Governance Flags","status":"passed","title":"1. Pre-flight check validates Git SHA, Dataset Hash, and Governance Flags","duration":3.459600000000137,"failureMessages":[],"meta":{},"tags":[],"benchmarks":[]},{"ancestorTitles":["Phase 2.1 — S1–S10 Historical Signal Forensic Replay Test Suite (Calendar Corrected)"],"fullName":"Phase 2.1 — S1–S10 Historical Signal Forensic Replay Test Suite (Calendar Corrected) 2. Trading Calendar resolves exactly 7 trading sessions, 4 exchange holidays, and 6 weekend days","status":"passed","title":"2. Trading Calendar resolves exactly 7 trading sessions, 4 exchange holidays, and 6 weekend days","duration":1.6864000000000487,"failureMessages":[],"meta":{},"tags":[],"benchmarks":[]},{"ancestorTitles":["Phase 2.1 — S1–S10 Historical Signal Forensic Replay Test Suite (Calendar Corrected)"],"fullName":"Phase 2.1 — S1–S10 Historical Signal Forensic Replay Test Suite (Calendar Corrected) 3. Evaluated Security-Days is exactly 3,500 (500 PIT x 7 Trading Sessions)","status":"passed","title":"3. Evaluated Security-Days is exactly 3,500 (500 PIT x 7 Trading Sessions)","duration":1107.2799999999997,"failureMessages":[],"meta":{},"tags":[],"benchmarks":[]},{"ancestorTitles":["Phase 2.1 — S1–S10 Historical Signal Forensic Replay Test Suite (Calendar Corrected)"],"fullName":"Phase 2.1 — S1–S10 Historical Signal Forensic Replay Test Suite (Calendar Corrected) 4. Hard Invariant: Selection Immutability — Downstream filters NEVER alter Sx Signal","status":"passed","title":"4. Hard Invariant: Selection Immutability — Downstream filters NEVER alter Sx Signal","duration":2469.209,"failureMessages":[],"meta":{},"tags":[],"benchmarks":[]},{"ancestorTitles":["Phase 2.1 — S1–S10 Historical Signal Forensic Replay Test Suite (Calendar Corrected)"],"fullName":"Phase 2.1 — S1–S10 Historical Signal Forensic Replay Test Suite (Calendar Corrected) 5. Parameter decision matrix generates deterministic business explanations from numerical values","status":"passed","title":"5. Parameter decision matrix generates deterministic business explanations from numerical values","duration":594.4746000000005,"failureMessages":[],"meta":{},"tags":[],"benchmarks":[]},{"ancestorTitles":["Phase 2.1 — S1–S10 Historical Signal Forensic Replay Test Suite (Calendar Corrected)"],"fullName":"Phase 2.1 — S1–S10 Historical Signal Forensic Replay Test Suite (Calendar Corrected) 6. Near-miss analyzer identifies stocks failing by exactly 1 condition","status":"passed","title":"6. Near-miss analyzer identifies stocks failing by exactly 1 condition","duration":1041.8015999999998,"failureMessages":[],"meta":{},"tags":[],"benchmarks":[]},{"ancestorTitles":["Phase 2.1 — S1–S10 Historical Signal Forensic Replay Test Suite (Calendar Corrected)"],"fullName":"Phase 2.1 — S1–S10 Historical Signal Forensic Replay Test Suite (Calendar Corrected) 7. Post-signal outcome tracker computes MFE/MAE/1D..60D returns labelled POST_SIGNAL_OUTCOME","status":"passed","title":"7. Post-signal outcome tracker computes MFE/MAE/1D..60D returns labelled POST_SIGNAL_OUTCOME","duration":1203.1848999999993,"failureMessages":[],"meta":{},"tags":[],"benchmarks":[]},{"ancestorTitles":["Phase 2.1 — S1–S10 Historical Signal Forensic Replay Test Suite (Calendar Corrected)"],"fullName":"Phase 2.1 — S1–S10 Historical Signal Forensic Replay Test Suite (Calendar Corrected) 9. Hard Calendar Contamination Invariant: Positive trading dates evaluate 500 PIT stocks; Holidays and Weekends evaluate 0","status":"passed","title":"9. Hard Calendar Contamination Invariant: Positive trading dates evaluate 500 PIT stocks; Holidays and Weekends evaluate 0","duration":2580.2240999999995,"failureMessages":[],"meta":{},"tags":[],"benchmarks":[]},{"ancestorTitles":["Phase 2.1 — S1–S10 Historical Signal Forensic Replay Test Suite (Calendar Corrected)"],"fullName":"Phase 2.1 — S1–S10 Historical Signal Forensic Replay Test Suite (Calendar Corrected) 10. Master Orchestrator outputs 01_PHASE2_TRANSITION_AUDIT.json with correct old->new reconciliation metrics","status":"passed","title":"10. Master Orchestrator outputs 01_PHASE2_TRANSITION_AUDIT.json with correct old->new reconciliation metrics","duration":36313.5167,"failureMessages":[],"meta":{},"tags":[],"benchmarks":[]}],"startTime":1789759468863,"endTime":1789759514181.5166,"status":"passed","message":"","name":"C:/Users/gopal/OneDrive/Desktop/tesr/webapp_portable_release/tests/unit/phase2forensics/phase2_forensic_replay.test.ts"}]}