{"numTotalTestSuites":36,"numPassedTestSuites":34,"numFailedTestSuites":2,"numPendingTestSuites":0,"numTotalTests":72,"numPassedTests":69,"numFailedTests":3,"numPendingTests":0,"numTodoTests":0,"snapshot":{"added":0,"failure":false,"filesAdded":0,"filesRemoved":0,"filesRemovedList":[],"filesUnmatched":0,"filesUpdated":0,"matched":0,"total":0,"unchecked":0,"uncheckedKeysByFile":[],"unmatched":0,"updated":0,"didUpdate":false},"startTime":1789901217484,"success":false,"testResults":[{"assertionResults":[{"ancestorTitles":["Delivery 2.2: C1 Acquisition Static Assurance"],"fullName":"Delivery 2.2: C1 Acquisition Static Assurance [PASS] buildDateChunks generates maximum 2-year windows without overlap or gaps","status":"passed","title":"[PASS] buildDateChunks generates maximum 2-year windows without overlap or gaps","duration":5.7339000000000055,"failureMessages":[],"meta":{},"tags":[],"benchmarks":[]},{"ancestorTitles":["Delivery 2.2: C1 Acquisition Static Assurance"],"fullName":"Delivery 2.2: C1 Acquisition Static Assurance [PASS] deterministic chunk boundaries and no overlap","status":"passed","title":"[PASS] deterministic chunk boundaries and no overlap","duration":0.5663999999999874,"failureMessages":[],"meta":{},"tags":[],"benchmarks":[]},{"ancestorTitles":["Delivery 2.2: C1 Acquisition Static Assurance"],"fullName":"Delivery 2.2: C1 Acquisition Static Assurance [PASS] empirical acquisition explicitly remains BLOCKED","status":"passed","title":"[PASS] empirical acquisition explicitly remains BLOCKED","duration":0.3883999999999901,"failureMessages":[],"meta":{},"tags":[],"benchmarks":[]}],"startTime":1789901487621,"endTime":1789901487628.3884,"status":"passed","message":"","name":"C:/Users/gopal/OneDrive/Desktop/tesr/webapp_portable_release/tests/fasttrack_d2/AcquisitionStaticAssurance.test.ts"},{"assertionResults":[{"ancestorTitles":[],"fullName":"Legacy Script","status":"failed","title":"Legacy Script","duration":61926.722599999994,"failureMessages":["Error: Test timed out in 30000ms.\nIf this is a long-running test, pass a timeout value as the last argument or configure it globally with \"testTimeout\".\n    at task (file:///C:/Users/gopal/OneDrive/Desktop/tesr/webapp_portable_release/node_modules/vitest/dist/chunks/run.CQOUYP-x.js:2681:43)\n    at Object.<anonymous> (file:///C:/Users/gopal/OneDrive/Desktop/tesr/webapp_portable_release/node_modules/vitest/dist/chunks/run.CQOUYP-x.js:2698:16)\n    at Object.<anonymous> (file:///C:/Users/gopal/OneDrive/Desktop/tesr/webapp_portable_release/node_modules/vitest/dist/chunks/run.CQOUYP-x.js:2471:28)\n    at chain (file:///C:/Users/gopal/OneDrive/Desktop/tesr/webapp_portable_release/node_modules/vitest/dist/chunks/run.CQOUYP-x.js:1859:14)\n    at C:/Users/gopal/OneDrive/Desktop/tesr/webapp_portable_release/tests/fasttrack_d2/Delivery2RepositoryInvariant.test.ts:499:1\n    at processTicksAndRejections (node:internal/process/task_queues:104:5)\n    at VitestModuleEvaluator._runInlinedModule (file:///C:/Users/gopal/OneDrive/Desktop/tesr/webapp_portable_release/node_modules/vitest/dist/module-evaluator.js:258:4)\n    at VitestModuleRunner.directRequest (file:///C:/Users/gopal/OneDrive/Desktop/tesr/webapp_portable_release/node_modules/vite/dist/node/module-runner.js:1284:61)\n    at VitestModuleRunner.cachedRequest (file:///C:/Users/gopal/OneDrive/Desktop/tesr/webapp_portable_release/node_modules/vite/dist/node/module-runner.js:1180:76)\n    at C:/Users/gopal/OneDrive/Desktop/tesr/webapp_portable_release/tests/fasttrack_d2/AdversarialVerification.test.ts:21:1"],"meta":{},"tags":[],"benchmarks":[]},{"ancestorTitles":[],"fullName":"Legacy Script","status":"failed","title":"Legacy Script","duration":127544.77,"failureMessages":["Error: Test timed out in 30000ms.\nIf this is a long-running test, pass a timeout value as the last argument or configure it globally with \"testTimeout\".\n    at task (file:///C:/Users/gopal/OneDrive/Desktop/tesr/webapp_portable_release/node_modules/vitest/dist/chunks/run.CQOUYP-x.js:2681:43)\n    at Object.<anonymous> (file:///C:/Users/gopal/OneDrive/Desktop/tesr/webapp_portable_release/node_modules/vitest/dist/chunks/run.CQOUYP-x.js:2698:16)\n    at Object.<anonymous> (file:///C:/Users/gopal/OneDrive/Desktop/tesr/webapp_portable_release/node_modules/vitest/dist/chunks/run.CQOUYP-x.js:2471:28)\n    at chain (file:///C:/Users/gopal/OneDrive/Desktop/tesr/webapp_portable_release/node_modules/vitest/dist/chunks/run.CQOUYP-x.js:1859:14)\n    at C:/Users/gopal/OneDrive/Desktop/tesr/webapp_portable_release/tests/fasttrack_d2/AdversarialVerification.test.ts:213:1\n    at processTicksAndRejections (node:internal/process/task_queues:104:5)\n    at VitestModuleEvaluator._runInlinedModule (file:///C:/Users/gopal/OneDrive/Desktop/tesr/webapp_portable_release/node_modules/vitest/dist/module-evaluator.js:258:4)\n    at VitestModuleRunner.directRequest (file:///C:/Users/gopal/OneDrive/Desktop/tesr/webapp_portable_release/node_modules/vite/dist/node/module-runner.js:1284:61)\n    at VitestModuleRunner.cachedRequest (file:///C:/Users/gopal/OneDrive/Desktop/tesr/webapp_portable_release/node_modules/vite/dist/node/module-runner.js:1180:76)\n    at VitestModuleRunner.import (file:///C:/Users/gopal/OneDrive/Desktop/tesr/webapp_portable_release/node_modules/vite/dist/node/module-runner.js:1117:12)"],"meta":{},"tags":[],"benchmarks":[]}],"startTime":1789901224310,"endTime":1789901413779.77,"status":"failed","message":"","name":"C:/Users/gopal/OneDrive/Desktop/tesr/webapp_portable_release/tests/fasttrack_d2/AdversarialVerification.test.ts"},{"assertionResults":[{"ancestorTitles":["Adversarial Verification B - Forensics"],"fullName":"Adversarial Verification B - Forensics 1. forged PROMOTED status cannot pass the gate natively","status":"passed","title":"1. forged PROMOTED status cannot pass the gate natively","duration":2.5097000000000094,"failureMessages":[],"meta":{},"tags":[],"benchmarks":[]},{"ancestorTitles":["Adversarial Verification B - Forensics"],"fullName":"Adversarial Verification B - Forensics 2. forged PIT_VERIFIED in manifest does not pass if gate strictly checks","status":"passed","title":"2. forged PIT_VERIFIED in manifest does not pass if gate strictly checks","duration":9.743600000000015,"failureMessages":[],"meta":{},"tags":[],"benchmarks":[]},{"ancestorTitles":["Adversarial Verification B - Forensics"],"fullName":"Adversarial Verification B - Forensics 3. forged rawSha256 cannot pass independent rehash","status":"passed","title":"3. forged rawSha256 cannot pass independent rehash","duration":91.02300000000002,"failureMessages":[],"meta":{},"tags":[],"benchmarks":[]},{"ancestorTitles":["Adversarial Verification B - Forensics"],"fullName":"Adversarial Verification B - Forensics 4. physical raw-byte mutation causes FAIL","status":"passed","title":"4. physical raw-byte mutation causes FAIL","duration":21.937999999999988,"failureMessages":[],"meta":{},"tags":[],"benchmarks":[]},{"ancestorTitles":["Adversarial Verification B - Forensics"],"fullName":"Adversarial Verification B - Forensics 6. EMPIRICAL mode cannot use fixture silently","status":"passed","title":"6. EMPIRICAL mode cannot use fixture silently","duration":537.2723,"failureMessages":[],"meta":{},"tags":[],"benchmarks":[]},{"ancestorTitles":["Adversarial Verification B - Forensics"],"fullName":"Adversarial Verification B - Forensics 10-15. missing manifest metadata and raw hash","status":"passed","title":"10-15. missing manifest metadata and raw hash","duration":101.2378,"failureMessages":[],"meta":{},"tags":[],"benchmarks":[]}],"startTime":1789901479947,"endTime":1789901480711.2378,"status":"passed","message":"","name":"C:/Users/gopal/OneDrive/Desktop/tesr/webapp_portable_release/tests/fasttrack_d2/AdversarialVerificationB.test.ts"},{"assertionResults":[{"ancestorTitles":["Agent B - Hash / Canonicalization"],"fullName":"Agent B - Hash / Canonicalization writerHash === verifierHash for identical physical evidence","status":"passed","title":"writerHash === verifierHash for identical physical evidence","duration":14.052700000000016,"failureMessages":[],"meta":{},"tags":[],"benchmarks":[]}],"startTime":1789901486284,"endTime":1789901486298.0527,"status":"passed","message":"","name":"C:/Users/gopal/OneDrive/Desktop/tesr/webapp_portable_release/tests/fasttrack_d2/AgentBHash.test.ts"},{"assertionResults":[{"ancestorTitles":[],"fullName":"Legacy Script","status":"passed","title":"Legacy Script","duration":5.6603999999999814,"failureMessages":[],"meta":{},"tags":[],"benchmarks":[]}],"startTime":1789901485901,"endTime":1789901485906.6604,"status":"passed","message":"","name":"C:/Users/gopal/OneDrive/Desktop/tesr/webapp_portable_release/tests/fasttrack_d2/AuthorizationSafety.test.ts"},{"assertionResults":[{"ancestorTitles":["D2.2 Wave 1: Golden Replay Core Mechanics"],"fullName":"D2.2 Wave 1: Golden Replay Core Mechanics Real historical bar -> Accepted","status":"passed","title":"Real historical bar -> Accepted","duration":28.892999999999972,"failureMessages":[],"meta":{},"tags":[],"benchmarks":[]},{"ancestorTitles":["D2.2 Wave 1: Golden Replay Core Mechanics"],"fullName":"D2.2 Wave 1: Golden Replay Core Mechanics Missing PIT -> DATA_INSUFFICIENT (Fail closed)","status":"passed","title":"Missing PIT -> DATA_INSUFFICIENT (Fail closed)","duration":0.6066999999999894,"failureMessages":[],"meta":{},"tags":[],"benchmarks":[]},{"ancestorTitles":["D2.2 Wave 1: Golden Replay Core Mechanics"],"fullName":"D2.2 Wave 1: Golden Replay Core Mechanics Future PIT observation -> Rejected","status":"passed","title":"Future PIT observation -> Rejected","duration":0.5248000000000275,"failureMessages":[],"meta":{},"tags":[],"benchmarks":[]},{"ancestorTitles":["D2.2 Wave 1: Golden Replay Core Mechanics"],"fullName":"D2.2 Wave 1: Golden Replay Core Mechanics Missing post-entry bar -> DATA_INSUFFICIENT","status":"passed","title":"Missing post-entry bar -> DATA_INSUFFICIENT","duration":0.5199000000000069,"failureMessages":[],"meta":{},"tags":[],"benchmarks":[]},{"ancestorTitles":["D2.2 Wave 1: Golden Replay Core Mechanics"],"fullName":"D2.2 Wave 1: Golden Replay Core Mechanics Ambiguous same-bar stop/target -> Deterministic documented resolution","status":"passed","title":"Ambiguous same-bar stop/target -> Deterministic documented resolution","duration":0.7352000000000203,"failureMessages":[],"meta":{},"tags":[],"benchmarks":[]},{"ancestorTitles":["D2.2 Wave 1: Golden Replay Core Mechanics"],"fullName":"D2.2 Wave 1: Golden Replay Core Mechanics Generic T+20 substituted for undefined strategy exit -> Rejected","status":"passed","title":"Generic T+20 substituted for undefined strategy exit -> Rejected","duration":0.5295999999999594,"failureMessages":[],"meta":{},"tags":[],"benchmarks":[]},{"ancestorTitles":["D2.2 Wave 1: Golden Replay Core Mechanics"],"fullName":"D2.2 Wave 1: Golden Replay Core Mechanics Delivery cost calculation -> Verified","status":"passed","title":"Delivery cost calculation -> Verified","duration":0.44310000000001537,"failureMessages":[],"meta":{},"tags":[],"benchmarks":[]},{"ancestorTitles":["D2.2 Wave 1: Golden Replay Core Mechanics"],"fullName":"D2.2 Wave 1: Golden Replay Core Mechanics Intraday S10 cost calculation -> Verified","status":"passed","title":"Intraday S10 cost calculation -> Verified","duration":0.44580000000001974,"failureMessages":[],"meta":{},"tags":[],"benchmarks":[]},{"ancestorTitles":["D2.2 Wave 1: Golden Replay Core Mechanics"],"fullName":"D2.2 Wave 1: Golden Replay Core Mechanics Ledger hash repeat -> Identical; mutation -> Different hash","status":"passed","title":"Ledger hash repeat -> Identical; mutation -> Different hash","duration":2.7538999999999874,"failureMessages":[],"meta":{},"tags":[],"benchmarks":[]},{"ancestorTitles":["D2.2 Wave 1: Golden Replay Core Mechanics"],"fullName":"D2.2 Wave 1: Golden Replay Core Mechanics Candidate reconciliation mismatch -> Hard failure","status":"passed","title":"Candidate reconciliation mismatch -> Hard failure","duration":3.0442999999999643,"failureMessages":[],"meta":{},"tags":[],"benchmarks":[]}],"startTime":1789901483310,"endTime":1789901483349.0442,"status":"passed","message":"","name":"C:/Users/gopal/OneDrive/Desktop/tesr/webapp_portable_release/tests/fasttrack_d2/D22GoldenReplay.test.ts"},{"assertionResults":[{"ancestorTitles":["D2.2 Dataset Promotion Gate"],"fullName":"D2.2 Dataset Promotion Gate PROMOTEs only when every check passes","status":"passed","title":"PROMOTEs only when every check passes","duration":4.968500000000006,"failureMessages":[],"meta":{},"tags":[],"benchmarks":[]},{"ancestorTitles":["D2.2 Dataset Promotion Gate"],"fullName":"D2.2 Dataset Promotion Gate rejects an invalid dataset","status":"passed","title":"rejects an invalid dataset","duration":1.9863000000000284,"failureMessages":[],"meta":{},"tags":[],"benchmarks":[]},{"ancestorTitles":["D2.2 Dataset Promotion Gate"],"fullName":"D2.2 Dataset Promotion Gate returns DATA_INSUFFICIENT for missing evidence","status":"passed","title":"returns DATA_INSUFFICIENT for missing evidence","duration":0.5405000000000086,"failureMessages":[],"meta":{},"tags":[],"benchmarks":[]},{"ancestorTitles":["D2.2 Dataset Promotion Gate"],"fullName":"D2.2 Dataset Promotion Gate cannot be caller-forced to PROMOTE","status":"passed","title":"cannot be caller-forced to PROMOTE","duration":1.6200000000000045,"failureMessages":[],"meta":{},"tags":[],"benchmarks":[]}],"startTime":1789901486765,"endTime":1789901486774.62,"status":"passed","message":"","name":"C:/Users/gopal/OneDrive/Desktop/tesr/webapp_portable_release/tests/fasttrack_d2/DataPromotionGate.test.ts"},{"assertionResults":[{"ancestorTitles":["Delivery 2.x P5-D: SQLite Migration Verification"],"fullName":"Delivery 2.x P5-D: SQLite Migration Verification detects existing invalid rows and quarantines them","status":"passed","title":"detects existing invalid rows and quarantines them","duration":30.136799999999994,"failureMessages":[],"meta":{},"tags":[],"benchmarks":[]}],"startTime":1789901481766,"endTime":1789901481796.1367,"status":"passed","message":"","name":"C:/Users/gopal/OneDrive/Desktop/tesr/webapp_portable_release/tests/fasttrack_d2/DatasetPromotionMigration.test.ts"},{"assertionResults":[{"ancestorTitles":["D2.2 Point-in-Time validation"],"fullName":"D2.2 Point-in-Time validation verifies complete PIT evidence","status":"passed","title":"verifies complete PIT evidence","duration":3.485299999999995,"failureMessages":[],"meta":{},"tags":[],"benchmarks":[]},{"ancestorTitles":["D2.2 Point-in-Time validation"],"fullName":"D2.2 Point-in-Time validation blocks missing publication evidence","status":"passed","title":"blocks missing publication evidence","duration":0.547300000000007,"failureMessages":[],"meta":{},"tags":[],"benchmarks":[]},{"ancestorTitles":["D2.2 Point-in-Time validation"],"fullName":"D2.2 Point-in-Time validation rejects future observation","status":"passed","title":"rejects future observation","duration":0.3352999999999611,"failureMessages":[],"meta":{},"tags":[],"benchmarks":[]},{"ancestorTitles":["D2.2 Point-in-Time validation"],"fullName":"D2.2 Point-in-Time validation rejects future publication","status":"passed","title":"rejects future publication","duration":0.46399999999999864,"failureMessages":[],"meta":{},"tags":[],"benchmarks":[]},{"ancestorTitles":["D2.2 Point-in-Time validation"],"fullName":"D2.2 Point-in-Time validation supports explicit NOT_APPLICABLE","status":"passed","title":"supports explicit NOT_APPLICABLE","duration":0.486500000000035,"failureMessages":[],"meta":{},"tags":[],"benchmarks":[]}],"startTime":1789901487149,"endTime":1789901487154.4866,"status":"passed","message":"","name":"C:/Users/gopal/OneDrive/Desktop/tesr/webapp_portable_release/tests/fasttrack_d2/DataValidationGate.test.ts"},{"assertionResults":[{"ancestorTitles":["DEF-001: ValuationSnapshots Timestamp Semantics & Fail-Closed Guard"],"fullName":"DEF-001: ValuationSnapshots Timestamp Semantics & Fail-Closed Guard A. ValuationSnapshots schema enforces NOT NULL with no DEFAULT CURRENT_TIMESTAMP","status":"passed","title":"A. ValuationSnapshots schema enforces NOT NULL with no DEFAULT CURRENT_TIMESTAMP","duration":83.00539999999978,"failureMessages":[],"meta":{},"tags":[],"benchmarks":[]},{"ancestorTitles":["DEF-001: ValuationSnapshots Timestamp Semantics & Fail-Closed Guard"],"fullName":"DEF-001: ValuationSnapshots Timestamp Semantics & Fail-Closed Guard B. Persists explicit source observation timestamp accurately","status":"passed","title":"B. Persists explicit source observation timestamp accurately","duration":3400.4662,"failureMessages":[],"meta":{},"tags":[],"benchmarks":[]},{"ancestorTitles":["DEF-001: ValuationSnapshots Timestamp Semantics & Fail-Closed Guard"],"fullName":"DEF-001: ValuationSnapshots Timestamp Semantics & Fail-Closed Guard C. Rejects manufactured timestamps when source observation timestamp is absent (fails closed)","status":"passed","title":"C. Rejects manufactured timestamps when source observation timestamp is absent (fails closed)","duration":251.91079999999965,"failureMessages":[],"meta":{},"tags":[],"benchmarks":[]},{"ancestorTitles":["DEF-001: ValuationSnapshots Timestamp Semantics & Fail-Closed Guard"],"fullName":"DEF-001: ValuationSnapshots Timestamp Semantics & Fail-Closed Guard D. Does NOT derive observation timestamp from Holdings.last_update","status":"passed","title":"D. Does NOT derive observation timestamp from Holdings.last_update","duration":321.5841999999993,"failureMessages":[],"meta":{},"tags":[],"benchmarks":[]}],"startTime":1789901468874,"endTime":1789901472930.5842,"status":"passed","message":"","name":"C:/Users/gopal/OneDrive/Desktop/tesr/webapp_portable_release/tests/fasttrack_d2/DEF001_TimestampSemantics.test.ts"},{"assertionResults":[{"ancestorTitles":["DEF-002: MasterTicker Bootstrap Isolation"],"fullName":"DEF-002: MasterTicker Bootstrap Isolation A. Database schema initialization does NOT invoke autoInitializeMasterTickers","status":"passed","title":"A. Database schema initialization does NOT invoke autoInitializeMasterTickers","duration":120.64480000000003,"failureMessages":[],"meta":{},"tags":[],"benchmarks":[]},{"ancestorTitles":["DEF-002: MasterTicker Bootstrap Isolation"],"fullName":"DEF-002: MasterTicker Bootstrap Isolation B. Database layer completes schema setup independently","status":"passed","title":"B. Database layer completes schema setup independently","duration":93.02709999999979,"failureMessages":[],"meta":{},"tags":[],"benchmarks":[]}],"startTime":1789901479316,"endTime":1789901479530.027,"status":"passed","message":"","name":"C:/Users/gopal/OneDrive/Desktop/tesr/webapp_portable_release/tests/fasttrack_d2/DEF002_MasterTickerBootstrap.test.ts"},{"assertionResults":[{"ancestorTitles":["Delivery 2.2: D1 Persistence & Determinism (Adversarial)"],"fullName":"Delivery 2.2: D1 Persistence & Determinism (Adversarial) [PASS] 1-3. Valid verified dataset persists, reloads, and authorizes","status":"passed","title":"[PASS] 1-3. Valid verified dataset persists, reloads, and authorizes","duration":6.015600000000006,"failureMessages":[],"meta":{},"tags":[],"benchmarks":[]},{"ancestorTitles":["Delivery 2.2: D1 Persistence & Determinism (Adversarial)"],"fullName":"Delivery 2.2: D1 Persistence & Determinism (Adversarial) [FAIL] 4-5. PROMOTED + NULL/empty raw hash","status":"passed","title":"[FAIL] 4-5. PROMOTED + NULL/empty raw hash","duration":3.1964000000000397,"failureMessages":[],"meta":{},"tags":[],"benchmarks":[]},{"ancestorTitles":["Delivery 2.2: D1 Persistence & Determinism (Adversarial)"],"fullName":"Delivery 2.2: D1 Persistence & Determinism (Adversarial) [FAIL] 6-7. PROMOTED + NULL/empty canonical hash","status":"passed","title":"[FAIL] 6-7. PROMOTED + NULL/empty canonical hash","duration":0.8478999999999814,"failureMessages":[],"meta":{},"tags":[],"benchmarks":[]},{"ancestorTitles":["Delivery 2.2: D1 Persistence & Determinism (Adversarial)"],"fullName":"Delivery 2.2: D1 Persistence & Determinism (Adversarial) [FAIL] 8. PROMOTED + malformed hash","status":"passed","title":"[FAIL] 8. PROMOTED + malformed hash","duration":0.8285999999999945,"failureMessages":[],"meta":{},"tags":[],"benchmarks":[]},{"ancestorTitles":["Delivery 2.2: D1 Persistence & Determinism (Adversarial)"],"fullName":"Delivery 2.2: D1 Persistence & Determinism (Adversarial) [FAIL] 9. PROMOTED + missing verification predicate","status":"passed","title":"[FAIL] 9. PROMOTED + missing verification predicate","duration":1.0207000000000335,"failureMessages":[],"meta":{},"tags":[],"benchmarks":[]},{"ancestorTitles":["Delivery 2.2: D1 Persistence & Determinism (Adversarial)"],"fullName":"Delivery 2.2: D1 Persistence & Determinism (Adversarial) [FAIL] 10. PROMOTED + fabricated verification predicate","status":"passed","title":"[FAIL] 10. PROMOTED + fabricated verification predicate","duration":0.8979999999999677,"failureMessages":[],"meta":{},"tags":[],"benchmarks":[]},{"ancestorTitles":["Delivery 2.2: D1 Persistence & Determinism (Adversarial)"],"fullName":"Delivery 2.2: D1 Persistence & Determinism (Adversarial) [FAIL] 18. fabricated in-memory PROMOTED object cannot bypass boundary directly","status":"passed","title":"[FAIL] 18. fabricated in-memory PROMOTED object cannot bypass boundary directly","duration":0.9040999999999713,"failureMessages":[],"meta":{},"tags":[],"benchmarks":[]},{"ancestorTitles":["Delivery 2.2: D1 Persistence & Determinism (Adversarial)"],"fullName":"Delivery 2.2: D1 Persistence & Determinism (Adversarial) [FAIL] 20. persisted record altered after original promotion","status":"passed","title":"[FAIL] 20. persisted record altered after original promotion","duration":2.1715000000000373,"failureMessages":[],"meta":{},"tags":[],"benchmarks":[]},{"ancestorTitles":["Delivery 2.2: D1 Persistence & Determinism (Adversarial)"],"fullName":"Delivery 2.2: D1 Persistence & Determinism (Adversarial) [FAIL] DB Constraints prevent malicious raw SQL insert","status":"passed","title":"[FAIL] DB Constraints prevent malicious raw SQL insert","duration":1.086999999999989,"failureMessages":[],"meta":{},"tags":[],"benchmarks":[]}],"startTime":1789901484668,"endTime":1789901484685.087,"status":"passed","message":"","name":"C:/Users/gopal/OneDrive/Desktop/tesr/webapp_portable_release/tests/fasttrack_d2/Delivery2Persistence.test.ts"},{"assertionResults":[{"ancestorTitles":[],"fullName":"Legacy Script","status":"failed","title":"Legacy Script","duration":43552.1685,"failureMessages":["Error: Test timed out in 30000ms.\nIf this is a long-running test, pass a timeout value as the last argument or configure it globally with \"testTimeout\".\n    at task (file:///C:/Users/gopal/OneDrive/Desktop/tesr/webapp_portable_release/node_modules/vitest/dist/chunks/run.CQOUYP-x.js:2681:43)\n    at Object.<anonymous> (file:///C:/Users/gopal/OneDrive/Desktop/tesr/webapp_portable_release/node_modules/vitest/dist/chunks/run.CQOUYP-x.js:2698:16)\n    at Object.<anonymous> (file:///C:/Users/gopal/OneDrive/Desktop/tesr/webapp_portable_release/node_modules/vitest/dist/chunks/run.CQOUYP-x.js:2471:28)\n    at chain (file:///C:/Users/gopal/OneDrive/Desktop/tesr/webapp_portable_release/node_modules/vitest/dist/chunks/run.CQOUYP-x.js:1859:14)\n    at C:/Users/gopal/OneDrive/Desktop/tesr/webapp_portable_release/tests/fasttrack_d2/Delivery2RepositoryInvariant.test.ts:499:1\n    at processTicksAndRejections (node:internal/process/task_queues:104:5)\n    at VitestModuleEvaluator._runInlinedModule (file:///C:/Users/gopal/OneDrive/Desktop/tesr/webapp_portable_release/node_modules/vitest/dist/module-evaluator.js:258:4)\n    at VitestModuleRunner.directRequest (file:///C:/Users/gopal/OneDrive/Desktop/tesr/webapp_portable_release/node_modules/vite/dist/node/module-runner.js:1284:61)\n    at VitestModuleRunner.cachedRequest (file:///C:/Users/gopal/OneDrive/Desktop/tesr/webapp_portable_release/node_modules/vite/dist/node/module-runner.js:1180:76)\n    at VitestModuleRunner.import (file:///C:/Users/gopal/OneDrive/Desktop/tesr/webapp_portable_release/node_modules/vite/dist/node/module-runner.js:1117:12)"],"meta":{},"tags":[],"benchmarks":[]}],"startTime":1789901415500,"endTime":1789901459052.1685,"status":"failed","message":"","name":"C:/Users/gopal/OneDrive/Desktop/tesr/webapp_portable_release/tests/fasttrack_d2/Delivery2RepositoryInvariant.test.ts"},{"assertionResults":[{"ancestorTitles":[],"fullName":"Legacy Script","status":"passed","title":"Legacy Script","duration":22.09559999999999,"failureMessages":[],"meta":{},"tags":[],"benchmarks":[]}],"startTime":1789901485094,"endTime":1789901485116.0957,"status":"passed","message":"","name":"C:/Users/gopal/OneDrive/Desktop/tesr/webapp_portable_release/tests/fasttrack_d2/Delivery2Tests.test.ts"},{"assertionResults":[{"ancestorTitles":[],"fullName":"Legacy Script","status":"passed","title":"Legacy Script","duration":4960.0766,"failureMessages":[],"meta":{},"tags":[],"benchmarks":[]}],"startTime":1789901461656,"endTime":1789901466616.0767,"status":"passed","message":"","name":"C:/Users/gopal/OneDrive/Desktop/tesr/webapp_portable_release/tests/fasttrack_d2/DependencyGraph.test.ts"},{"assertionResults":[{"ancestorTitles":["Delivery 2.2: B1 Downstream Authorization Boundary"],"fullName":"Delivery 2.2: B1 Downstream Authorization Boundary [PASS] valid verified PROMOTED dataset is accepted","status":"passed","title":"[PASS] valid verified PROMOTED dataset is accepted","duration":4.744899999999973,"failureMessages":[],"meta":{},"tags":[],"benchmarks":[]},{"ancestorTitles":["Delivery 2.2: B1 Downstream Authorization Boundary"],"fullName":"Delivery 2.2: B1 Downstream Authorization Boundary [BLOCK] fabricated in-memory PROMOTED is rejected natively by the signature","status":"passed","title":"[BLOCK] fabricated in-memory PROMOTED is rejected natively by the signature","duration":0.7595000000000027,"failureMessages":[],"meta":{},"tags":[],"benchmarks":[]},{"ancestorTitles":["Delivery 2.2: B1 Downstream Authorization Boundary"],"fullName":"Delivery 2.2: B1 Downstream Authorization Boundary [BLOCK] PARTIAL_DATA_READY cannot enter analytics","status":"passed","title":"[BLOCK] PARTIAL_DATA_READY cannot enter analytics","duration":1.2212000000000103,"failureMessages":[],"meta":{},"tags":[],"benchmarks":[]},{"ancestorTitles":["Delivery 2.2: B1 Downstream Authorization Boundary"],"fullName":"Delivery 2.2: B1 Downstream Authorization Boundary [BLOCK] DATA_INSUFFICIENT cannot enter analytics","status":"passed","title":"[BLOCK] DATA_INSUFFICIENT cannot enter analytics","duration":1.062400000000025,"failureMessages":[],"meta":{},"tags":[],"benchmarks":[]},{"ancestorTitles":["Delivery 2.2: B1 Downstream Authorization Boundary"],"fullName":"Delivery 2.2: B1 Downstream Authorization Boundary [BLOCK] BLOCKED or FAILED cannot enter analytics","status":"passed","title":"[BLOCK] BLOCKED or FAILED cannot enter analytics","duration":1.9726999999999748,"failureMessages":[],"meta":{},"tags":[],"benchmarks":[]},{"ancestorTitles":["Delivery 2.2: B1 Downstream Authorization Boundary"],"fullName":"Delivery 2.2: B1 Downstream Authorization Boundary [BLOCK] forged PROMOTED (missing verification evidence)","status":"passed","title":"[BLOCK] forged PROMOTED (missing verification evidence)","duration":3.7094000000000165,"failureMessages":[],"meta":{},"tags":[],"benchmarks":[]},{"ancestorTitles":["Delivery 2.2: B1 Downstream Authorization Boundary"],"fullName":"Delivery 2.2: B1 Downstream Authorization Boundary [BLOCK] missing raw or canonical hash","status":"passed","title":"[BLOCK] missing raw or canonical hash","duration":1.4413999999999874,"failureMessages":[],"meta":{},"tags":[],"benchmarks":[]}],"startTime":1789901484133,"endTime":1789901484148.4414,"status":"passed","message":"","name":"C:/Users/gopal/OneDrive/Desktop/tesr/webapp_portable_release/tests/fasttrack_d2/DownstreamBoundary.test.ts"},{"assertionResults":[{"ancestorTitles":[],"fullName":"Legacy Script","status":"passed","title":"Legacy Script","duration":63.12589999999997,"failureMessages":[],"meta":{},"tags":[],"benchmarks":[]}],"startTime":1789901481283,"endTime":1789901481346.126,"status":"passed","message":"","name":"C:/Users/gopal/OneDrive/Desktop/tesr/webapp_portable_release/tests/fasttrack_d2/ForensicAudit.test.ts"},{"assertionResults":[{"ancestorTitles":["IndependentVerifier"],"fullName":"IndependentVerifier passes a fully valid dataset","status":"passed","title":"passes a fully valid dataset","duration":17.964,"failureMessages":[],"meta":{},"tags":[],"benchmarks":[]}],"startTime":1789901485503,"endTime":1789901485520.964,"status":"passed","message":"","name":"C:/Users/gopal/OneDrive/Desktop/tesr/webapp_portable_release/tests/fasttrack_d2/IndependentVerifier.test.ts"},{"assertionResults":[{"ancestorTitles":[],"fullName":"Legacy Script","status":"passed","title":"Legacy Script","duration":33.05869999999999,"failureMessages":[],"meta":{},"tags":[],"benchmarks":[]}],"startTime":1789901483706,"endTime":1789901483739.0586,"status":"passed","message":"","name":"C:/Users/gopal/OneDrive/Desktop/tesr/webapp_portable_release/tests/fasttrack_d2/OutcomeSemantics.test.ts"},{"assertionResults":[{"ancestorTitles":["Delivery 2.x P5-A: Physical Persistence Verification Integration"],"fullName":"Delivery 2.x P5-A: Physical Persistence Verification Integration performs full physical roundtrip of valid PROMOTED manifest","status":"passed","title":"performs full physical roundtrip of valid PROMOTED manifest","duration":14.104600000000005,"failureMessages":[],"meta":{},"tags":[],"benchmarks":[]},{"ancestorTitles":["Delivery 2.x P5-A: Physical Persistence Verification Integration"],"fullName":"Delivery 2.x P5-A: Physical Persistence Verification Integration adversarial: missing raw hash","status":"passed","title":"adversarial: missing raw hash","duration":0.7130999999999972,"failureMessages":[],"meta":{},"tags":[],"benchmarks":[]},{"ancestorTitles":["Delivery 2.x P5-A: Physical Persistence Verification Integration"],"fullName":"Delivery 2.x P5-A: Physical Persistence Verification Integration adversarial: missing canonical hash","status":"passed","title":"adversarial: missing canonical hash","duration":0.64549999999997,"failureMessages":[],"meta":{},"tags":[],"benchmarks":[]},{"ancestorTitles":["Delivery 2.x P5-A: Physical Persistence Verification Integration"],"fullName":"Delivery 2.x P5-A: Physical Persistence Verification Integration adversarial: invalid predicate JSON","status":"passed","title":"adversarial: invalid predicate JSON","duration":0.6452000000000453,"failureMessages":[],"meta":{},"tags":[],"benchmarks":[]},{"ancestorTitles":["Delivery 2.x P5-A: Physical Persistence Verification Integration"],"fullName":"Delivery 2.x P5-A: Physical Persistence Verification Integration adversarial: incomplete predicate set","status":"passed","title":"adversarial: incomplete predicate set","duration":1.209100000000035,"failureMessages":[],"meta":{},"tags":[],"benchmarks":[]},{"ancestorTitles":["Delivery 2.x P5-A: Physical Persistence Verification Integration"],"fullName":"Delivery 2.x P5-A: Physical Persistence Verification Integration adversarial: invalid promotion state (PARTIAL)","status":"passed","title":"adversarial: invalid promotion state (PARTIAL)","duration":1.1850999999999772,"failureMessages":[],"meta":{},"tags":[],"benchmarks":[]},{"ancestorTitles":["Delivery 2.x P5-A: Physical Persistence Verification Integration"],"fullName":"Delivery 2.x P5-A: Physical Persistence Verification Integration adversarial: invalid promotion state (FAILED)","status":"passed","title":"adversarial: invalid promotion state (FAILED)","duration":1.099999999999966,"failureMessages":[],"meta":{},"tags":[],"benchmarks":[]},{"ancestorTitles":["Delivery 2.x P5-A: Physical Persistence Verification Integration"],"fullName":"Delivery 2.x P5-A: Physical Persistence Verification Integration adversarial: tampered persisted values","status":"passed","title":"adversarial: tampered persisted values","duration":1.4869999999999663,"failureMessages":[],"meta":{},"tags":[],"benchmarks":[]}],"startTime":1789901482890,"endTime":1789901482911.487,"status":"passed","message":"","name":"C:/Users/gopal/OneDrive/Desktop/tesr/webapp_portable_release/tests/fasttrack_d2/PhysicalPersistenceIntegration.test.ts"},{"assertionResults":[{"ancestorTitles":[],"fullName":"Legacy Script","status":"passed","title":"Legacy Script","duration":45.766999999999996,"failureMessages":[],"meta":{},"tags":[],"benchmarks":[]}],"startTime":1789901482315,"endTime":1789901482360.767,"status":"passed","message":"","name":"C:/Users/gopal/OneDrive/Desktop/tesr/webapp_portable_release/tests/fasttrack_d2/ProvenanceEvidence.test.ts"},{"assertionResults":[{"ancestorTitles":["Delivery 2.x P5-E: recordValuationSnapshot Timestamp Semantics"],"fullName":"Delivery 2.x P5-E: recordValuationSnapshot Timestamp Semantics persists explicit observation timestamp when provided","status":"passed","title":"persists explicit observation timestamp when provided","duration":640.4141000000002,"failureMessages":[],"meta":{},"tags":[],"benchmarks":[]},{"ancestorTitles":["Delivery 2.x P5-E: recordValuationSnapshot Timestamp Semantics"],"fullName":"Delivery 2.x P5-E: recordValuationSnapshot Timestamp Semantics rejects valuation snapshots lacking an explicit observation timestamp","status":"passed","title":"rejects valuation snapshots lacking an explicit observation timestamp","duration":340.0464000000002,"failureMessages":[],"meta":{},"tags":[],"benchmarks":[]}],"startTime":1789901474404,"endTime":1789901475384.0464,"status":"passed","message":"","name":"C:/Users/gopal/OneDrive/Desktop/tesr/webapp_portable_release/tests/fasttrack_d2/RecordValuationSnapshotTimestamp.test.ts"}]}